{"/Users/pubuduabayasiri/Documents/04 - Code/99.lib/hazo_connect/src/lib/factory.ts": {"path":"/Users/pubuduabayasiri/Documents/04 - Code/99.lib/hazo_connect/src/lib/factory.ts","statementMap":{"0":{"start":{"line":55,"column":0},"end":{"line":55,"column":16}},"1":{"start":{"line":9,"column":0},"end":{"line":9,"column":23}},"2":{"start":{"line":10,"column":0},"end":{"line":10,"column":27}},"3":{"start":{"line":13,"column":0},"end":{"line":13,"column":63}},"4":{"start":{"line":14,"column":0},"end":{"line":14,"column":61}},"5":{"start":{"line":15,"column":0},"end":{"line":15,"column":57}},"6":{"start":{"line":16,"column":0},"end":{"line":16,"column":53}},"7":{"start":{"line":19,"column":0},"end":{"line":19,"column":null}},"8":{"start":{"line":28,"column":30},"end":{"line":28,"column":32}},"9":{"start":{"line":30,"column":2},"end":{"line":45,"column":3}},"10":{"start":{"line":31,"column":22},"end":{"line":31,"column":90}},"11":{"start":{"line":32,"column":4},"end":{"line":34,"column":5}},"12":{"start":{"line":33,"column":6},"end":{"line":33,"column":null}},"13":{"start":{"line":35,"column":4},"end":{"line":38,"column":null}},"14":{"start":{"line":39,"column":9},"end":{"line":45,"column":3}},"15":{"start":{"line":40,"column":4},"end":{"line":40,"column":null}},"16":{"start":{"line":41,"column":9},"end":{"line":45,"column":3}},"17":{"start":{"line":42,"column":4},"end":{"line":42,"column":null}},"18":{"start":{"line":43,"column":9},"end":{"line":45,"column":3}},"19":{"start":{"line":44,"column":4},"end":{"line":44,"column":null}},"20":{"start":{"line":47,"column":2},"end":{"line":47,"column":null}},"21":{"start":{"line":56,"column":68},"end":{"line":56,"column":74}},"22":{"start":{"line":60,"column":2},"end":{"line":74,"column":3}},"23":{"start":{"line":61,"column":4},"end":{"line":61,"column":null}},"24":{"start":{"line":63,"column":4},"end":{"line":63,"column":null}},"25":{"start":{"line":64,"column":4},"end":{"line":73,"column":5}},"26":{"start":{"line":65,"column":24},"end":{"line":65,"column":92}},"27":{"start":{"line":66,"column":6},"end":{"line":68,"column":7}},"28":{"start":{"line":67,"column":8},"end":{"line":67,"column":null}},"29":{"start":{"line":69,"column":6},"end":{"line":72,"column":null}},"30":{"start":{"line":76,"column":2},"end":{"line":91,"column":3}},"31":{"start":{"line":78,"column":6},"end":{"line":78,"column":null}},"32":{"start":{"line":81,"column":6},"end":{"line":81,"column":null}},"33":{"start":{"line":84,"column":6},"end":{"line":84,"column":null}},"34":{"start":{"line":87,"column":6},"end":{"line":87,"column":null}},"35":{"start":{"line":90,"column":6},"end":{"line":90,"column":null}}},"fnMap":{"0":{"name":"extractConfigFromProvider","decl":{"start":{"line":27,"column":9},"end":{"line":27,"column":34}},"loc":{"start":{"line":27,"column":79},"end":{"line":48,"column":1}}},"1":{"name":"createHazoConnect","decl":{"start":{"line":55,"column":16},"end":{"line":55,"column":33}},"loc":{"start":{"line":55,"column":59},"end":{"line":92,"column":1}}}},"branchMap":{"0":{"loc":{"start":{"line":30,"column":2},"end":{"line":45,"column":3}},"type":"if","locations":[{"start":{"line":30,"column":2},"end":{"line":45,"column":3}},{"start":{"line":39,"column":9},"end":{"line":45,"column":3}}]},"1":{"loc":{"start":{"line":31,"column":22},"end":{"line":31,"column":90}},"type":"binary-expr","locations":[{"start":{"line":31,"column":22},"end":{"line":31,"column":51}},{"start":{"line":31,"column":55},"end":{"line":31,"column":84}},{"start":{"line":31,"column":88},"end":{"line":31,"column":90}}]},"2":{"loc":{"start":{"line":32,"column":4},"end":{"line":34,"column":5}},"type":"if","locations":[{"start":{"line":32,"column":4},"end":{"line":34,"column":5}},{"start":{},"end":{}}]},"3":{"loc":{"start":{"line":36,"column":16},"end":{"line":36,"column":65}},"type":"binary-expr","locations":[{"start":{"line":36,"column":16},"end":{"line":36,"column":59}},{"start":{"line":36,"column":63},"end":{"line":36,"column":65}}]},"4":{"loc":{"start":{"line":39,"column":9},"end":{"line":45,"column":3}},"type":"if","locations":[{"start":{"line":39,"column":9},"end":{"line":45,"column":3}},{"start":{"line":41,"column":9},"end":{"line":45,"column":3}}]},"5":{"loc":{"start":{"line":40,"column":30},"end":{"line":40,"column":73}},"type":"binary-expr","locations":[{"start":{"line":40,"column":30},"end":{"line":40,"column":67}},{"start":{"line":40,"column":71},"end":{"line":40,"column":73}}]},"6":{"loc":{"start":{"line":41,"column":9},"end":{"line":45,"column":3}},"type":"if","locations":[{"start":{"line":41,"column":9},"end":{"line":45,"column":3}},{"start":{"line":43,"column":9},"end":{"line":45,"column":3}}]},"7":{"loc":{"start":{"line":42,"column":28},"end":{"line":42,"column":69}},"type":"binary-expr","locations":[{"start":{"line":42,"column":28},"end":{"line":42,"column":63}},{"start":{"line":42,"column":67},"end":{"line":42,"column":69}}]},"8":{"loc":{"start":{"line":43,"column":9},"end":{"line":45,"column":3}},"type":"if","locations":[{"start":{"line":43,"column":9},"end":{"line":45,"column":3}},{"start":{},"end":{}}]},"9":{"loc":{"start":{"line":44,"column":26},"end":{"line":44,"column":65}},"type":"binary-expr","locations":[{"start":{"line":44,"column":26},"end":{"line":44,"column":59}},{"start":{"line":44,"column":63},"end":{"line":44,"column":65}}]},"10":{"loc":{"start":{"line":60,"column":2},"end":{"line":74,"column":3}},"type":"if","locations":[{"start":{"line":60,"column":2},"end":{"line":74,"column":3}},{"start":{"line":62,"column":9},"end":{"line":74,"column":3}}]},"11":{"loc":{"start":{"line":64,"column":4},"end":{"line":73,"column":5}},"type":"if","locations":[{"start":{"line":64,"column":4},"end":{"line":73,"column":5}},{"start":{},"end":{}}]},"12":{"loc":{"start":{"line":65,"column":24},"end":{"line":65,"column":92}},"type":"binary-expr","locations":[{"start":{"line":65,"column":24},"end":{"line":65,"column":53}},{"start":{"line":65,"column":57},"end":{"line":65,"column":86}},{"start":{"line":65,"column":90},"end":{"line":65,"column":92}}]},"13":{"loc":{"start":{"line":66,"column":6},"end":{"line":68,"column":7}},"type":"if","locations":[{"start":{"line":66,"column":6},"end":{"line":68,"column":7}},{"start":{},"end":{}}]},"14":{"loc":{"start":{"line":70,"column":12},"end":{"line":70,"column":42}},"type":"binary-expr","locations":[{"start":{"line":70,"column":12},"end":{"line":70,"column":36}},{"start":{"line":70,"column":40},"end":{"line":70,"column":42}}]},"15":{"loc":{"start":{"line":76,"column":2},"end":{"line":91,"column":3}},"type":"switch","locations":[{"start":{"line":77,"column":4},"end":{"line":78,"column":null}},{"start":{"line":80,"column":4},"end":{"line":81,"column":null}},{"start":{"line":83,"column":4},"end":{"line":84,"column":null}},{"start":{"line":86,"column":4},"end":{"line":87,"column":null}},{"start":{"line":89,"column":4},"end":{"line":90,"column":null}}]}},"s":{"0":1,"1":1,"2":1,"3":1,"4":1,"5":1,"6":1,"7":1,"8":1,"9":1,"10":1,"11":1,"12":0,"13":1,"14":0,"15":0,"16":0,"17":0,"18":0,"19":0,"20":1,"21":2,"22":2,"23":1,"24":1,"25":1,"26":1,"27":1,"28":0,"29":1,"30":2,"31":2,"32":0,"33":0,"34":0,"35":0},"f":{"0":1,"1":2},"b":{"0":[1,0],"1":[1,1,0],"2":[0,1],"3":[1,0],"4":[0,0],"5":[0,0],"6":[0,0],"7":[0,0],"8":[0,0],"9":[0,0],"10":[1,1],"11":[1,0],"12":[1,1,0],"13":[0,1],"14":[1,0],"15":[2,0,0,0,0]}}
,"/Users/pubuduabayasiri/Documents/04 - Code/99.lib/hazo_connect/src/lib/helpers.ts": {"path":"/Users/pubuduabayasiri/Documents/04 - Code/99.lib/hazo_connect/src/lib/helpers.ts","statementMap":{"0":{"start":{"line":33,"column":0},"end":{"line":33,"column":16}},"1":{"start":{"line":49,"column":0},"end":{"line":49,"column":16}},"2":{"start":{"line":95,"column":0},"end":{"line":95,"column":16}},"3":{"start":{"line":199,"column":0},"end":{"line":199,"column":7}},"4":{"start":{"line":11,"column":0},"end":{"line":11,"column":46}},"5":{"start":{"line":38,"column":18},"end":{"line":38,"column":48}},"6":{"start":{"line":39,"column":2},"end":{"line":39,"column":null}},"7":{"start":{"line":54,"column":21},"end":{"line":54,"column":54}},"8":{"start":{"line":55,"column":2},"end":{"line":62,"column":null}},"9":{"start":{"line":56,"column":4},"end":{"line":60,"column":null}},"10":{"start":{"line":61,"column":4},"end":{"line":61,"column":null}},"11":{"start":{"line":63,"column":2},"end":{"line":63,"column":null}},"12":{"start":{"line":100,"column":22},"end":{"line":100,"column":106}},"13":{"start":{"line":101,"column":17},"end":{"line":101,"column":31}},"14":{"start":{"line":104,"column":4},"end":{"line":104,"column":null}},"15":{"start":{"line":108,"column":13},"end":{"line":108,"column":25}},"16":{"start":{"line":109,"column":4},"end":{"line":111,"column":5}},"17":{"start":{"line":110,"column":6},"end":{"line":110,"column":null}},"18":{"start":{"line":112,"column":19},"end":{"line":112,"column":42}},"19":{"start":{"line":113,"column":4},"end":{"line":113,"column":null}},"20":{"start":{"line":117,"column":15},"end":{"line":117,"column":27}},"21":{"start":{"line":118,"column":4},"end":{"line":120,"column":5}},"22":{"start":{"line":119,"column":6},"end":{"line":119,"column":null}},"23":{"start":{"line":121,"column":4},"end":{"line":121,"column":null}},"24":{"start":{"line":121,"column":22},"end":{"line":121,"column":24}},"25":{"start":{"line":125,"column":20},"end":{"line":125,"column":42}},"26":{"start":{"line":126,"column":4},"end":{"line":126,"column":null}},"27":{"start":{"line":130,"column":4},"end":{"line":135,"column":5}},"28":{"start":{"line":131,"column":6},"end":{"line":134,"column":null}},"29":{"start":{"line":136,"column":16},"end":{"line":136,"column":30}},"30":{"start":{"line":137,"column":4},"end":{"line":137,"column":null}},"31":{"start":{"line":141,"column":15},"end":{"line":141,"column":27}},"32":{"start":{"line":142,"column":20},"end":{"line":142,"column":55}},"33":{"start":{"line":143,"column":19},"end":{"line":143,"column":52}},"34":{"start":{"line":144,"column":4},"end":{"line":146,"column":5}},"35":{"start":{"line":145,"column":6},"end":{"line":145,"column":null}},"36":{"start":{"line":147,"column":4},"end":{"line":147,"column":null}},"37":{"start":{"line":151,"column":15},"end":{"line":151,"column":27}},"38":{"start":{"line":152,"column":4},"end":{"line":157,"column":5}},"39":{"start":{"line":153,"column":6},"end":{"line":156,"column":null}},"40":{"start":{"line":158,"column":4},"end":{"line":158,"column":null}},"41":{"start":{"line":159,"column":19},"end":{"line":159,"column":51}},"42":{"start":{"line":160,"column":4},"end":{"line":162,"column":5}},"43":{"start":{"line":161,"column":6},"end":{"line":161,"column":null}},"44":{"start":{"line":163,"column":4},"end":{"line":163,"column":null}},"45":{"start":{"line":167,"column":15},"end":{"line":167,"column":27}},"46":{"start":{"line":168,"column":4},"end":{"line":173,"column":5}},"47":{"start":{"line":169,"column":6},"end":{"line":172,"column":null}},"48":{"start":{"line":174,"column":4},"end":{"line":174,"column":null}},"49":{"start":{"line":175,"column":4},"end":{"line":175,"column":null}},"50":{"start":{"line":178,"column":2},"end":{"line":187,"column":null}},"51":{"start":{"line":206,"column":2},"end":{"line":209,"column":null}},"52":{"start":{"line":210,"column":2},"end":{"line":210,"column":null}}},"fnMap":{"0":{"name":"createTableQuery","decl":{"start":{"line":33,"column":16},"end":{"line":33,"column":32}},"loc":{"start":{"line":36,"column":17},"end":{"line":40,"column":1}}},"1":{"name":"attachExecute","decl":{"start":{"line":49,"column":16},"end":{"line":49,"column":29}},"loc":{"start":{"line":52,"column":17},"end":{"line":64,"column":1}}},"2":{"name":"(anonymous_2)","decl":{"start":{"line":55,"column":23},"end":{"line":55,"column":28}},"loc":{"start":{"line":55,"column":77},"end":{"line":62,"column":3}}},"3":{"name":"createCrudService","decl":{"start":{"line":95,"column":16},"end":{"line":95,"column":33}},"loc":{"start":{"line":98,"column":34},"end":{"line":188,"column":1}}},"4":{"name":"buildQuery","decl":{"start":{"line":103,"column":11},"end":{"line":103,"column":21}},"loc":{"start":{"line":103,"column":21},"end":{"line":105,"column":3}}},"5":{"name":"list","decl":{"start":{"line":107,"column":17},"end":{"line":107,"column":21}},"loc":{"start":{"line":107,"column":68},"end":{"line":114,"column":3}}},"6":{"name":"findBy","decl":{"start":{"line":116,"column":17},"end":{"line":116,"column":23}},"loc":{"start":{"line":116,"column":57},"end":{"line":122,"column":3}}},"7":{"name":"(anonymous_7)","decl":{"start":{"line":121,"column":16},"end":{"line":121,"column":19}},"loc":{"start":{"line":121,"column":22},"end":{"line":121,"column":24}}},"8":{"name":"findOneBy","decl":{"start":{"line":124,"column":17},"end":{"line":124,"column":26}},"loc":{"start":{"line":124,"column":60},"end":{"line":127,"column":3}}},"9":{"name":"findById","decl":{"start":{"line":129,"column":17},"end":{"line":129,"column":25}},"loc":{"start":{"line":129,"column":37},"end":{"line":138,"column":3}}},"10":{"name":"insert","decl":{"start":{"line":140,"column":17},"end":{"line":140,"column":23}},"loc":{"start":{"line":140,"column":55},"end":{"line":148,"column":3}}},"11":{"name":"updateById","decl":{"start":{"line":150,"column":17},"end":{"line":150,"column":27}},"loc":{"start":{"line":150,"column":58},"end":{"line":164,"column":3}}},"12":{"name":"deleteById","decl":{"start":{"line":166,"column":17},"end":{"line":166,"column":27}},"loc":{"start":{"line":166,"column":39},"end":{"line":176,"column":3}}},"13":{"name":"executeQuery","decl":{"start":{"line":199,"column":22},"end":{"line":199,"column":34}},"loc":{"start":{"line":204,"column":17},"end":{"line":211,"column":1}}}},"branchMap":{"0":{"loc":{"start":{"line":55,"column":30},"end":{"line":55,"column":57}},"type":"default-arg","locations":[{"start":{"line":55,"column":52},"end":{"line":55,"column":57}}]},"1":{"loc":{"start":{"line":98,"column":2},"end":{"line":98,"column":34}},"type":"default-arg","locations":[{"start":{"line":98,"column":32},"end":{"line":98,"column":34}}]},"2":{"loc":{"start":{"line":100,"column":22},"end":{"line":100,"column":106}},"type":"cond-expr","locations":[{"start":{"line":100,"column":78},"end":{"line":100,"column":97}},{"start":{"line":100,"column":100},"end":{"line":100,"column":106}}]},"3":{"loc":{"start":{"line":100,"column":22},"end":{"line":100,"column":75}},"type":"binary-expr","locations":[{"start":{"line":100,"column":22},"end":{"line":100,"column":41}},{"start":{"line":100,"column":45},"end":{"line":100,"column":75}}]},"4":{"loc":{"start":{"line":109,"column":4},"end":{"line":111,"column":5}},"type":"if","locations":[{"start":{"line":109,"column":4},"end":{"line":111,"column":5}},{"start":{},"end":{}}]},"5":{"loc":{"start":{"line":113,"column":11},"end":{"line":113,"column":55}},"type":"cond-expr","locations":[{"start":{"line":113,"column":36},"end":{"line":113,"column":50}},{"start":{"line":113,"column":53},"end":{"line":113,"column":55}}]},"6":{"loc":{"start":{"line":119,"column":22},"end":{"line":119,"column":56}},"type":"cond-expr","locations":[{"start":{"line":119,"column":45},"end":{"line":119,"column":49}},{"start":{"line":119,"column":52},"end":{"line":119,"column":56}}]},"7":{"loc":{"start":{"line":126,"column":11},"end":{"line":126,"column":49}},"type":"cond-expr","locations":[{"start":{"line":126,"column":32},"end":{"line":126,"column":42}},{"start":{"line":126,"column":45},"end":{"line":126,"column":49}}]},"8":{"loc":{"start":{"line":130,"column":4},"end":{"line":135,"column":5}},"type":"if","locations":[{"start":{"line":130,"column":4},"end":{"line":135,"column":5}},{"start":{},"end":{}}]},"9":{"loc":{"start":{"line":142,"column":20},"end":{"line":142,"column":55}},"type":"cond-expr","locations":[{"start":{"line":142,"column":42},"end":{"line":142,"column":46}},{"start":{"line":142,"column":49},"end":{"line":142,"column":55}}]},"10":{"loc":{"start":{"line":144,"column":4},"end":{"line":146,"column":5}},"type":"if","locations":[{"start":{"line":144,"column":4},"end":{"line":146,"column":5}},{"start":{},"end":{}}]},"11":{"loc":{"start":{"line":152,"column":4},"end":{"line":157,"column":5}},"type":"if","locations":[{"start":{"line":152,"column":4},"end":{"line":157,"column":5}},{"start":{},"end":{}}]},"12":{"loc":{"start":{"line":160,"column":4},"end":{"line":162,"column":5}},"type":"if","locations":[{"start":{"line":160,"column":4},"end":{"line":162,"column":5}},{"start":{},"end":{}}]},"13":{"loc":{"start":{"line":168,"column":4},"end":{"line":173,"column":5}},"type":"if","locations":[{"start":{"line":168,"column":4},"end":{"line":173,"column":5}},{"start":{},"end":{}}]},"14":{"loc":{"start":{"line":202,"column":2},"end":{"line":202,"column":29}},"type":"default-arg","locations":[{"start":{"line":202,"column":24},"end":{"line":202,"column":29}}]}},"s":{"0":0,"1":0,"2":0,"3":0,"4":0,"5":0,"6":0,"7":0,"8":0,"9":0,"10":0,"11":0,"12":0,"13":0,"14":0,"15":0,"16":0,"17":0,"18":0,"19":0,"20":0,"21":0,"22":0,"23":0,"24":0,"25":0,"26":0,"27":0,"28":0,"29":0,"30":0,"31":0,"32":0,"33":0,"34":0,"35":0,"36":0,"37":0,"38":0,"39":0,"40":0,"41":0,"42":0,"43":0,"44":0,"45":0,"46":0,"47":0,"48":0,"49":0,"50":0,"51":0,"52":0},"f":{"0":0,"1":0,"2":0,"3":0,"4":0,"5":0,"6":0,"7":0,"8":0,"9":0,"10":0,"11":0,"12":0,"13":0},"b":{"0":[0],"1":[0],"2":[0,0],"3":[0,0],"4":[0,0],"5":[0,0],"6":[0,0],"7":[0,0],"8":[0,0],"9":[0,0],"10":[0,0],"11":[0,0],"12":[0,0],"13":[0,0],"14":[0]}}
,"/Users/pubuduabayasiri/Documents/04 - Code/99.lib/hazo_connect/src/lib/index.ts": {"path":"/Users/pubuduabayasiri/Documents/04 - Code/99.lib/hazo_connect/src/lib/index.ts","statementMap":{"0":{"start":{"line":22,"column":0},"end":{"line":22,"column":9}},"1":{"start":{"line":22,"column":9},"end":{"line":22,"column":20}},"2":{"start":{"line":22,"column":20},"end":{"line":22,"column":47}},"3":{"start":{"line":25,"column":0},"end":{"line":25,"column":9}},"4":{"start":{"line":25,"column":9},"end":{"line":25,"column":46}},"5":{"start":{"line":28,"column":0},"end":{"line":28,"column":9}},"6":{"start":{"line":28,"column":9},"end":{"line":28,"column":45}},"7":{"start":{"line":31,"column":0},"end":{"line":31,"column":null}},"8":{"start":{"line":32,"column":2},"end":{"line":32,"column":null}},"9":{"start":{"line":33,"column":2},"end":{"line":33,"column":null}},"10":{"start":{"line":34,"column":2},"end":{"line":34,"column":null}},"11":{"start":{"line":35,"column":2},"end":{"line":35,"column":null}},"12":{"start":{"line":45,"column":0},"end":{"line":45,"column":9}},"13":{"start":{"line":45,"column":9},"end":{"line":45,"column":53}},"14":{"start":{"line":46,"column":0},"end":{"line":46,"column":9}},"15":{"start":{"line":46,"column":9},"end":{"line":46,"column":63}}},"fnMap":{"0":{"name":"(anonymous_0)","decl":{"start":{"line":22,"column":9},"end":{"line":22,"column":18}},"loc":{"start":{"line":22,"column":9},"end":{"line":22,"column":20}}},"1":{"name":"(anonymous_1)","decl":{"start":{"line":22,"column":20},"end":{"line":22,"column":30}},"loc":{"start":{"line":22,"column":20},"end":{"line":22,"column":47}}},"2":{"name":"(anonymous_2)","decl":{"start":{"line":25,"column":9},"end":{"line":25,"column":21}},"loc":{"start":{"line":25,"column":9},"end":{"line":25,"column":46}}},"3":{"name":"(anonymous_3)","decl":{"start":{"line":28,"column":9},"end":{"line":28,"column":26}},"loc":{"start":{"line":28,"column":9},"end":{"line":28,"column":45}}},"4":{"name":"(anonymous_4)","decl":{"start":{"line":32,"column":2},"end":{"line":32,"column":15}},"loc":{"start":{"line":32,"column":2},"end":{"line":32,"column":null}}},"5":{"name":"(anonymous_5)","decl":{"start":{"line":33,"column":2},"end":{"line":33,"column":19}},"loc":{"start":{"line":33,"column":2},"end":{"line":33,"column":null}}},"6":{"name":"(anonymous_6)","decl":{"start":{"line":34,"column":2},"end":{"line":34,"column":18}},"loc":{"start":{"line":34,"column":2},"end":{"line":34,"column":null}}},"7":{"name":"(anonymous_7)","decl":{"start":{"line":35,"column":2},"end":{"line":35,"column":14}},"loc":{"start":{"line":35,"column":2},"end":{"line":35,"column":null}}},"8":{"name":"(anonymous_8)","decl":{"start":{"line":45,"column":9},"end":{"line":45,"column":20}},"loc":{"start":{"line":45,"column":9},"end":{"line":45,"column":53}}},"9":{"name":"(anonymous_9)","decl":{"start":{"line":46,"column":9},"end":{"line":46,"column":25}},"loc":{"start":{"line":46,"column":9},"end":{"line":46,"column":63}}}},"branchMap":{},"s":{"0":0,"1":0,"2":0,"3":0,"4":0,"5":0,"6":0,"7":0,"8":0,"9":0,"10":0,"11":0,"12":0,"13":0,"14":0,"15":0},"f":{"0":0,"1":0,"2":0,"3":0,"4":0,"5":0,"6":0,"7":0,"8":0,"9":0},"b":{}}
,"/Users/pubuduabayasiri/Documents/04 - Code/99.lib/hazo_connect/src/lib/query-builder.ts": {"path":"/Users/pubuduabayasiri/Documents/04 - Code/99.lib/hazo_connect/src/lib/query-builder.ts","statementMap":{"0":{"start":{"line":22,"column":10},"end":{"line":22,"column":null}},"1":{"start":{"line":23,"column":10},"end":{"line":23,"column":null}},"2":{"start":{"line":24,"column":10},"end":{"line":24,"column":null}},"3":{"start":{"line":25,"column":10},"end":{"line":25,"column":null}},"4":{"start":{"line":26,"column":10},"end":{"line":26,"column":null}},"5":{"start":{"line":27,"column":10},"end":{"line":27,"column":null}},"6":{"start":{"line":28,"column":10},"end":{"line":28,"column":null}},"7":{"start":{"line":29,"column":10},"end":{"line":29,"column":null}},"8":{"start":{"line":30,"column":10},"end":{"line":30,"column":null}},"9":{"start":{"line":38,"column":4},"end":{"line":38,"column":null}},"10":{"start":{"line":39,"column":4},"end":{"line":39,"column":null}},"11":{"start":{"line":48,"column":4},"end":{"line":59,"column":5}},"12":{"start":{"line":50,"column":6},"end":{"line":56,"column":7}},"13":{"start":{"line":51,"column":8},"end":{"line":51,"column":null}},"14":{"start":{"line":51,"column":56},"end":{"line":51,"column":64}},"15":{"start":{"line":52,"column":13},"end":{"line":56,"column":7}},"16":{"start":{"line":53,"column":8},"end":{"line":53,"column":null}},"17":{"start":{"line":55,"column":8},"end":{"line":55,"column":null}},"18":{"start":{"line":58,"column":6},"end":{"line":58,"column":null}},"19":{"start":{"line":60,"column":4},"end":{"line":60,"column":null}},"20":{"start":{"line":71,"column":4},"end":{"line":71,"column":null}},"21":{"start":{"line":72,"column":4},"end":{"line":72,"column":null}},"22":{"start":{"line":82,"column":4},"end":{"line":82,"column":null}},"23":{"start":{"line":83,"column":4},"end":{"line":83,"column":null}},"24":{"start":{"line":92,"column":43},"end":{"line":96,"column":7}},"25":{"start":{"line":92,"column":64},"end":{"line":96,"column":6}},"26":{"start":{"line":97,"column":4},"end":{"line":97,"column":null}},"27":{"start":{"line":98,"column":4},"end":{"line":98,"column":null}},"28":{"start":{"line":108,"column":4},"end":{"line":108,"column":null}},"29":{"start":{"line":109,"column":4},"end":{"line":109,"column":null}},"30":{"start":{"line":118,"column":4},"end":{"line":118,"column":null}},"31":{"start":{"line":119,"column":4},"end":{"line":119,"column":null}},"32":{"start":{"line":128,"column":4},"end":{"line":128,"column":null}},"33":{"start":{"line":129,"column":4},"end":{"line":129,"column":null}},"34":{"start":{"line":140,"column":4},"end":{"line":140,"column":null}},"35":{"start":{"line":141,"column":4},"end":{"line":141,"column":null}},"36":{"start":{"line":151,"column":4},"end":{"line":151,"column":null}},"37":{"start":{"line":152,"column":4},"end":{"line":152,"column":null}},"38":{"start":{"line":159,"column":4},"end":{"line":159,"column":null}},"39":{"start":{"line":166,"column":4},"end":{"line":166,"column":null}},"40":{"start":{"line":173,"column":4},"end":{"line":173,"column":null}},"41":{"start":{"line":180,"column":4},"end":{"line":180,"column":null}},"42":{"start":{"line":187,"column":4},"end":{"line":187,"column":null}},"43":{"start":{"line":194,"column":4},"end":{"line":194,"column":null}},"44":{"start":{"line":201,"column":4},"end":{"line":201,"column":null}},"45":{"start":{"line":208,"column":4},"end":{"line":208,"column":null}},"46":{"start":{"line":215,"column":4},"end":{"line":215,"column":null}},"47":{"start":{"line":223,"column":19},"end":{"line":223,"column":37}},"48":{"start":{"line":224,"column":4},"end":{"line":224,"column":null}},"49":{"start":{"line":225,"column":4},"end":{"line":225,"column":null}},"50":{"start":{"line":226,"column":4},"end":{"line":226,"column":null}},"51":{"start":{"line":227,"column":4},"end":{"line":227,"column":null}},"52":{"start":{"line":227,"column":74},"end":{"line":227,"column":89}},"53":{"start":{"line":228,"column":4},"end":{"line":228,"column":null}},"54":{"start":{"line":229,"column":4},"end":{"line":229,"column":null}},"55":{"start":{"line":230,"column":4},"end":{"line":230,"column":null}},"56":{"start":{"line":231,"column":4},"end":{"line":231,"column":null}},"57":{"start":{"line":232,"column":4},"end":{"line":232,"column":null}},"58":{"start":{"line":233,"column":4},"end":{"line":233,"column":null}},"59":{"start":{"line":21,"column":0},"end":{"line":21,"column":13}}},"fnMap":{"0":{"name":"(anonymous_0)","decl":{"start":{"line":21,"column":0},"end":{"line":21,"column":13}},"loc":{"start":{"line":21,"column":0},"end":{"line":235,"column":1}}},"1":{"name":"(anonymous_1)","decl":{"start":{"line":37,"column":2},"end":{"line":37,"column":6}},"loc":{"start":{"line":37,"column":20},"end":{"line":40,"column":3}}},"2":{"name":"(anonymous_2)","decl":{"start":{"line":47,"column":2},"end":{"line":47,"column":8}},"loc":{"start":{"line":47,"column":34},"end":{"line":61,"column":3}}},"3":{"name":"(anonymous_3)","decl":{"start":{"line":51,"column":51},"end":{"line":51,"column":52}},"loc":{"start":{"line":51,"column":56},"end":{"line":51,"column":64}}},"4":{"name":"(anonymous_4)","decl":{"start":{"line":70,"column":2},"end":{"line":70,"column":7}},"loc":{"start":{"line":70,"column":58},"end":{"line":73,"column":3}}},"5":{"name":"(anonymous_5)","decl":{"start":{"line":81,"column":2},"end":{"line":81,"column":9}},"loc":{"start":{"line":81,"column":38},"end":{"line":84,"column":3}}},"6":{"name":"(anonymous_6)","decl":{"start":{"line":91,"column":2},"end":{"line":91,"column":9}},"loc":{"start":{"line":91,"column":83},"end":{"line":99,"column":3}}},"7":{"name":"(anonymous_7)","decl":{"start":{"line":92,"column":58},"end":{"line":92,"column":59}},"loc":{"start":{"line":92,"column":64},"end":{"line":96,"column":6}}},"8":{"name":"(anonymous_8)","decl":{"start":{"line":107,"column":2},"end":{"line":107,"column":7}},"loc":{"start":{"line":107,"column":56},"end":{"line":110,"column":3}}},"9":{"name":"(anonymous_9)","decl":{"start":{"line":117,"column":2},"end":{"line":117,"column":7}},"loc":{"start":{"line":117,"column":21},"end":{"line":120,"column":3}}},"10":{"name":"(anonymous_10)","decl":{"start":{"line":127,"column":2},"end":{"line":127,"column":8}},"loc":{"start":{"line":127,"column":22},"end":{"line":130,"column":3}}},"11":{"name":"(anonymous_11)","decl":{"start":{"line":139,"column":2},"end":{"line":139,"column":6}},"loc":{"start":{"line":139,"column":58},"end":{"line":142,"column":3}}},"12":{"name":"(anonymous_12)","decl":{"start":{"line":150,"column":2},"end":{"line":150,"column":14}},"loc":{"start":{"line":150,"column":46},"end":{"line":153,"column":3}}},"13":{"name":"(anonymous_13)","decl":{"start":{"line":158,"column":2},"end":{"line":158,"column":10}},"loc":{"start":{"line":158,"column":10},"end":{"line":160,"column":3}}},"14":{"name":"(anonymous_14)","decl":{"start":{"line":165,"column":2},"end":{"line":165,"column":17}},"loc":{"start":{"line":165,"column":17},"end":{"line":167,"column":3}}},"15":{"name":"(anonymous_15)","decl":{"start":{"line":172,"column":2},"end":{"line":172,"column":20}},"loc":{"start":{"line":172,"column":20},"end":{"line":174,"column":3}}},"16":{"name":"(anonymous_16)","decl":{"start":{"line":179,"column":2},"end":{"line":179,"column":22}},"loc":{"start":{"line":179,"column":22},"end":{"line":181,"column":3}}},"17":{"name":"(anonymous_17)","decl":{"start":{"line":186,"column":2},"end":{"line":186,"column":12}},"loc":{"start":{"line":186,"column":12},"end":{"line":188,"column":3}}},"18":{"name":"(anonymous_18)","decl":{"start":{"line":193,"column":2},"end":{"line":193,"column":10}},"loc":{"start":{"line":193,"column":10},"end":{"line":195,"column":3}}},"19":{"name":"(anonymous_19)","decl":{"start":{"line":200,"column":2},"end":{"line":200,"column":11}},"loc":{"start":{"line":200,"column":11},"end":{"line":202,"column":3}}},"20":{"name":"(anonymous_20)","decl":{"start":{"line":207,"column":2},"end":{"line":207,"column":10}},"loc":{"start":{"line":207,"column":10},"end":{"line":209,"column":3}}},"21":{"name":"(anonymous_21)","decl":{"start":{"line":214,"column":2},"end":{"line":214,"column":18}},"loc":{"start":{"line":214,"column":18},"end":{"line":216,"column":3}}},"22":{"name":"(anonymous_22)","decl":{"start":{"line":222,"column":2},"end":{"line":222,"column":7}},"loc":{"start":{"line":222,"column":7},"end":{"line":234,"column":3}}},"23":{"name":"(anonymous_23)","decl":{"start":{"line":227,"column":60},"end":{"line":227,"column":70}},"loc":{"start":{"line":227,"column":74},"end":{"line":227,"column":89}}}},"branchMap":{"0":{"loc":{"start":{"line":48,"column":4},"end":{"line":59,"column":5}},"type":"if","locations":[{"start":{"line":48,"column":4},"end":{"line":59,"column":5}},{"start":{"line":57,"column":11},"end":{"line":59,"column":5}}]},"1":{"loc":{"start":{"line":50,"column":6},"end":{"line":56,"column":7}},"type":"if","locations":[{"start":{"line":50,"column":6},"end":{"line":56,"column":7}},{"start":{"line":52,"column":13},"end":{"line":56,"column":7}}]},"2":{"loc":{"start":{"line":52,"column":13},"end":{"line":56,"column":7}},"type":"if","locations":[{"start":{"line":52,"column":13},"end":{"line":56,"column":7}},{"start":{"line":54,"column":13},"end":{"line":56,"column":7}}]},"3":{"loc":{"start":{"line":107,"column":23},"end":{"line":107,"column":56}},"type":"default-arg","locations":[{"start":{"line":107,"column":51},"end":{"line":107,"column":56}}]},"4":{"loc":{"start":{"line":139,"column":34},"end":{"line":139,"column":58}},"type":"default-arg","locations":[{"start":{"line":139,"column":51},"end":{"line":139,"column":58}}]}},"s":{"0":2,"1":2,"2":2,"3":2,"4":2,"5":2,"6":2,"7":2,"8":2,"9":2,"10":2,"11":1,"12":0,"13":0,"14":0,"15":0,"16":0,"17":0,"18":1,"19":1,"20":0,"21":0,"22":0,"23":0,"24":0,"25":0,"26":0,"27":0,"28":0,"29":0,"30":1,"31":1,"32":1,"33":1,"34":1,"35":1,"36":0,"37":0,"38":1,"39":1,"40":0,"41":0,"42":0,"43":1,"44":1,"45":1,"46":0,"47":0,"48":0,"49":0,"50":0,"51":0,"52":0,"53":0,"54":0,"55":0,"56":0,"57":0,"58":0,"59":1},"f":{"0":2,"1":2,"2":1,"3":0,"4":0,"5":0,"6":0,"7":0,"8":0,"9":1,"10":1,"11":1,"12":0,"13":1,"14":1,"15":0,"16":0,"17":0,"18":1,"19":1,"20":1,"21":0,"22":0,"23":0},"b":{"0":[0,1],"1":[0,0],"2":[0,0],"3":[0],"4":[0]}}
,"/Users/pubuduabayasiri/Documents/04 - Code/99.lib/hazo_connect/src/lib/types.ts": {"path":"/Users/pubuduabayasiri/Documents/04 - Code/99.lib/hazo_connect/src/lib/types.ts","statementMap":{"0":{"start":{"line":28,"column":13},"end":{"line":33,"column":null}},"1":{"start":{"line":145,"column":0},"end":{"line":145,"column":null}},"2":{"start":{"line":146,"column":2},"end":{"line":146,"column":null}},"3":{"start":{"line":147,"column":2},"end":{"line":147,"column":null}},"4":{"start":{"line":148,"column":2},"end":{"line":148,"column":null}},"5":{"start":{"line":149,"column":2},"end":{"line":149,"column":null}},"6":{"start":{"line":150,"column":2},"end":{"line":150,"column":null}}},"fnMap":{"0":{"name":"(anonymous_0)","decl":{"start":{"line":29,"column":9},"end":{"line":29,"column":12}},"loc":{"start":{"line":29,"column":14},"end":{"line":29,"column":17}}},"1":{"name":"(anonymous_1)","decl":{"start":{"line":30,"column":8},"end":{"line":30,"column":11}},"loc":{"start":{"line":30,"column":13},"end":{"line":30,"column":16}}},"2":{"name":"(anonymous_2)","decl":{"start":{"line":31,"column":8},"end":{"line":31,"column":11}},"loc":{"start":{"line":31,"column":13},"end":{"line":31,"column":16}}},"3":{"name":"(anonymous_3)","decl":{"start":{"line":32,"column":9},"end":{"line":32,"column":12}},"loc":{"start":{"line":32,"column":14},"end":{"line":32,"column":17}}},"4":{"name":"(anonymous_4)","decl":{"start":{"line":145,"column":0},"end":{"line":145,"column":12}},"loc":{"start":{"line":145,"column":21},"end":{"line":151,"column":1}}}},"branchMap":{"0":{"loc":{"start":{"line":145,"column":12},"end":{"line":145,"column":null}},"type":"binary-expr","locations":[{"start":{"line":145,"column":12},"end":{"line":145,"column":21}},{"start":{"line":145,"column":21},"end":{"line":145,"column":null}}]}},"s":{"0":1,"1":1,"2":1,"3":1,"4":1,"5":1,"6":1},"f":{"0":0,"1":0,"2":0,"3":0,"4":1},"b":{"0":[1,1]}}
,"/Users/pubuduabayasiri/Documents/04 - Code/99.lib/hazo_connect/src/lib/adapters/base-adapter.ts": {"path":"/Users/pubuduabayasiri/Documents/04 - Code/99.lib/hazo_connect/src/lib/adapters/base-adapter.ts","statementMap":{"0":{"start":{"line":10,"column":0},"end":{"line":10,"column":48}},"1":{"start":{"line":26,"column":4},"end":{"line":26,"column":null}},"2":{"start":{"line":27,"column":4},"end":{"line":27,"column":null}},"3":{"start":{"line":45,"column":23},"end":{"line":45,"column":35}},"4":{"start":{"line":47,"column":36},"end":{"line":52,"column":null}},"5":{"start":{"line":55,"column":4},"end":{"line":60,"column":null}},"6":{"start":{"line":62,"column":4},"end":{"line":62,"column":null}},"7":{"start":{"line":78,"column":18},"end":{"line":78,"column":76}},"8":{"start":{"line":79,"column":21},"end":{"line":79,"column":39}},"9":{"start":{"line":81,"column":4},"end":{"line":81,"column":null}},"10":{"start":{"line":82,"column":4},"end":{"line":82,"column":null}},"11":{"start":{"line":84,"column":4},"end":{"line":86,"column":null}},"12":{"start":{"line":87,"column":4},"end":{"line":87,"column":null}},"13":{"start":{"line":96,"column":4},"end":{"line":96,"column":null}},"14":{"start":{"line":96,"column":16},"end":{"line":96,"column":null}},"15":{"start":{"line":98,"column":20},"end":{"line":98,"column":50}},"16":{"start":{"line":99,"column":4},"end":{"line":105,"column":null}},"17":{"start":{"line":113,"column":4},"end":{"line":120,"column":5}},"18":{"start":{"line":114,"column":6},"end":{"line":119,"column":null}},"19":{"start":{"line":121,"column":4},"end":{"line":121,"column":null}},"20":{"start":{"line":130,"column":4},"end":{"line":137,"column":5}},"21":{"start":{"line":131,"column":6},"end":{"line":136,"column":7}},"22":{"start":{"line":132,"column":8},"end":{"line":135,"column":null}},"23":{"start":{"line":146,"column":4},"end":{"line":149,"column":null}},"24":{"start":{"line":16,"column":0},"end":{"line":16,"column":22}}},"fnMap":{"0":{"name":"(anonymous_0)","decl":{"start":{"line":25,"column":2},"end":{"line":25,"column":14}},"loc":{"start":{"line":25,"column":42},"end":{"line":28,"column":3}}},"1":{"name":"(anonymous_1)","decl":{"start":{"line":38,"column":12},"end":{"line":38,"column":23}},"loc":{"start":{"line":42,"column":23},"end":{"line":63,"column":3}}},"2":{"name":"(anonymous_2)","decl":{"start":{"line":72,"column":12},"end":{"line":72,"column":22}},"loc":{"start":{"line":76,"column":23},"end":{"line":88,"column":3}}},"3":{"name":"(anonymous_3)","decl":{"start":{"line":95,"column":12},"end":{"line":95,"column":29}},"loc":{"start":{"line":95,"column":40},"end":{"line":106,"column":3}}},"4":{"name":"(anonymous_4)","decl":{"start":{"line":112,"column":12},"end":{"line":112,"column":33}},"loc":{"start":{"line":112,"column":44},"end":{"line":122,"column":3}}},"5":{"name":"(anonymous_5)","decl":{"start":{"line":129,"column":12},"end":{"line":129,"column":26}},"loc":{"start":{"line":129,"column":51},"end":{"line":138,"column":3}}},"6":{"name":"(anonymous_6)","decl":{"start":{"line":145,"column":12},"end":{"line":145,"column":20}},"loc":{"start":{"line":145,"column":52},"end":{"line":150,"column":3}}}},"branchMap":{"0":{"loc":{"start":{"line":27,"column":18},"end":{"line":27,"column":38}},"type":"binary-expr","locations":[{"start":{"line":27,"column":18},"end":{"line":27,"column":24}},{"start":{"line":27,"column":28},"end":{"line":27,"column":38}}]},"1":{"loc":{"start":{"line":59,"column":21},"end":{"line":59,"column":99}},"type":"cond-expr","locations":[{"start":{"line":59,"column":54},"end":{"line":59,"column":75}},{"start":{"line":59,"column":78},"end":{"line":59,"column":99}}]},"2":{"loc":{"start":{"line":84,"column":24},"end":{"line":86,"column":99}},"type":"cond-expr","locations":[{"start":{"line":85,"column":8},"end":{"line":85,"column":29}},{"start":{"line":86,"column":9},"end":{"line":86,"column":98}}]},"3":{"loc":{"start":{"line":86,"column":9},"end":{"line":86,"column":98}},"type":"cond-expr","locations":[{"start":{"line":86,"column":45},"end":{"line":86,"column":74}},{"start":{"line":86,"column":77},"end":{"line":86,"column":98}}]},"4":{"loc":{"start":{"line":96,"column":4},"end":{"line":96,"column":null}},"type":"if","locations":[{"start":{"line":96,"column":4},"end":{"line":96,"column":null}},{"start":{},"end":{}}]},"5":{"loc":{"start":{"line":98,"column":20},"end":{"line":98,"column":50}},"type":"binary-expr","locations":[{"start":{"line":98,"column":20},"end":{"line":98,"column":33}},{"start":{"line":98,"column":37},"end":{"line":98,"column":50}}]},"6":{"loc":{"start":{"line":100,"column":6},"end":{"line":104,"column":41}},"type":"binary-expr","locations":[{"start":{"line":100,"column":6},"end":{"line":100,"column":38}},{"start":{"line":101,"column":6},"end":{"line":101,"column":38}},{"start":{"line":102,"column":6},"end":{"line":102,"column":35}},{"start":{"line":103,"column":6},"end":{"line":103,"column":35}},{"start":{"line":104,"column":6},"end":{"line":104,"column":41}}]},"7":{"loc":{"start":{"line":113,"column":4},"end":{"line":120,"column":5}},"type":"if","locations":[{"start":{"line":113,"column":4},"end":{"line":120,"column":5}},{"start":{},"end":{}}]},"8":{"loc":{"start":{"line":131,"column":6},"end":{"line":136,"column":7}},"type":"if","locations":[{"start":{"line":131,"column":6},"end":{"line":136,"column":7}},{"start":{},"end":{}}]},"9":{"loc":{"start":{"line":131,"column":10},"end":{"line":131,"column":45}},"type":"binary-expr","locations":[{"start":{"line":131,"column":10},"end":{"line":131,"column":22}},{"start":{"line":131,"column":26},"end":{"line":131,"column":45}}]}},"s":{"0":1,"1":2,"2":2,"3":0,"4":0,"5":0,"6":0,"7":0,"8":0,"9":0,"10":0,"11":0,"12":0,"13":0,"14":0,"15":0,"16":0,"17":0,"18":0,"19":0,"20":0,"21":0,"22":0,"23":0,"24":1},"f":{"0":2,"1":0,"2":0,"3":0,"4":0,"5":0,"6":0},"b":{"0":[2,2],"1":[0,0],"2":[0,0],"3":[0,0],"4":[0,0],"5":[0,0],"6":[0,0,0,0,0],"7":[0,0],"8":[0,0],"9":[0,0]}}
,"/Users/pubuduabayasiri/Documents/04 - Code/99.lib/hazo_connect/src/lib/adapters/file-adapter.ts": {"path":"/Users/pubuduabayasiri/Documents/04 - Code/99.lib/hazo_connect/src/lib/adapters/file-adapter.ts","statementMap":{"0":{"start":{"line":18,"column":0},"end":{"line":18,"column":44}},"1":{"start":{"line":20,"column":0},"end":{"line":20,"column":36}},"2":{"start":{"line":32,"column":4},"end":{"line":32,"column":null}},"3":{"start":{"line":48,"column":4},"end":{"line":51,"column":null}},"4":{"start":{"line":61,"column":4},"end":{"line":64,"column":null}},"5":{"start":{"line":72,"column":4},"end":{"line":72,"column":null}},"6":{"start":{"line":25,"column":0},"end":{"line":25,"column":13}}},"fnMap":{"0":{"name":"(anonymous_0)","decl":{"start":{"line":31,"column":2},"end":{"line":31,"column":14}},"loc":{"start":{"line":31,"column":42},"end":{"line":34,"column":3}}},"1":{"name":"(anonymous_1)","decl":{"start":{"line":43,"column":2},"end":{"line":43,"column":7}},"loc":{"start":{"line":46,"column":14},"end":{"line":52,"column":3}}},"2":{"name":"(anonymous_2)","decl":{"start":{"line":60,"column":2},"end":{"line":60,"column":7}},"loc":{"start":{"line":60,"column":60},"end":{"line":65,"column":3}}},"3":{"name":"(anonymous_3)","decl":{"start":{"line":71,"column":2},"end":{"line":71,"column":7}},"loc":{"start":{"line":71,"column":17},"end":{"line":73,"column":3}}}},"branchMap":{"0":{"loc":{"start":{"line":45,"column":4},"end":{"line":45,"column":63}},"type":"default-arg","locations":[{"start":{"line":45,"column":58},"end":{"line":45,"column":63}}]},"1":{"loc":{"start":{"line":60,"column":35},"end":{"line":60,"column":60}},"type":"default-arg","locations":[{"start":{"line":60,"column":58},"end":{"line":60,"column":60}}]},"2":{"loc":{"start":{"line":72,"column":27},"end":{"line":72,"column":58}},"type":"binary-expr","locations":[{"start":{"line":72,"column":27},"end":{"line":72,"column":43}},{"start":{"line":72,"column":47},"end":{"line":72,"column":58}}]}},"s":{"0":1,"1":1,"2":0,"3":0,"4":0,"5":0,"6":1},"f":{"0":0,"1":0,"2":0,"3":0},"b":{"0":[0],"1":[0],"2":[0,0]}}
,"/Users/pubuduabayasiri/Documents/04 - Code/99.lib/hazo_connect/src/lib/adapters/postgrest-adapter.ts": {"path":"/Users/pubuduabayasiri/Documents/04 - Code/99.lib/hazo_connect/src/lib/adapters/postgrest-adapter.ts","statementMap":{"0":{"start":{"line":10,"column":0},"end":{"line":10,"column":44}},"1":{"start":{"line":12,"column":0},"end":{"line":12,"column":42}},"2":{"start":{"line":34,"column":4},"end":{"line":34,"column":null}},"3":{"start":{"line":37,"column":4},"end":{"line":37,"column":null}},"4":{"start":{"line":40,"column":4},"end":{"line":45,"column":5}},"5":{"start":{"line":41,"column":6},"end":{"line":44,"column":null}},"6":{"start":{"line":48,"column":4},"end":{"line":50,"column":5}},"7":{"start":{"line":49,"column":6},"end":{"line":49,"column":null}},"8":{"start":{"line":59,"column":18},"end":{"line":59,"column":36}},"9":{"start":{"line":60,"column":4},"end":{"line":62,"column":5}},"10":{"start":{"line":61,"column":6},"end":{"line":61,"column":null}},"11":{"start":{"line":64,"column":29},"end":{"line":64,"column":31}},"12":{"start":{"line":67,"column":25},"end":{"line":67,"column":50}},"13":{"start":{"line":68,"column":26},"end":{"line":68,"column":52}},"14":{"start":{"line":70,"column":4},"end":{"line":90,"column":5}},"15":{"start":{"line":71,"column":36},"end":{"line":71,"column":38}},"16":{"start":{"line":74,"column":6},"end":{"line":76,"column":7}},"17":{"start":{"line":75,"column":8},"end":{"line":75,"column":null}},"18":{"start":{"line":79,"column":6},"end":{"line":85,"column":7}},"19":{"start":{"line":80,"column":28},"end":{"line":83,"column":10}},"20":{"start":{"line":81,"column":25},"end":{"line":81,"column":44}},"21":{"start":{"line":82,"column":10},"end":{"line":82,"column":null}},"22":{"start":{"line":84,"column":8},"end":{"line":84,"column":null}},"23":{"start":{"line":87,"column":6},"end":{"line":89,"column":7}},"24":{"start":{"line":88,"column":8},"end":{"line":88,"column":null}},"25":{"start":{"line":93,"column":28},"end":{"line":93,"column":56}},"26":{"start":{"line":94,"column":4},"end":{"line":111,"column":5}},"27":{"start":{"line":95,"column":41},"end":{"line":95,"column":50}},"28":{"start":{"line":98,"column":6},"end":{"line":108,"column":7}},"29":{"start":{"line":100,"column":23},"end":{"line":100,"column":61}},"30":{"start":{"line":101,"column":8},"end":{"line":101,"column":null}},"31":{"start":{"line":101,"column":44},"end":{"line":101,"column":53}},"32":{"start":{"line":102,"column":13},"end":{"line":108,"column":7}},"33":{"start":{"line":104,"column":8},"end":{"line":104,"column":null}},"34":{"start":{"line":107,"column":8},"end":{"line":107,"column":null}},"35":{"start":{"line":110,"column":6},"end":{"line":110,"column":null}},"36":{"start":{"line":114,"column":30},"end":{"line":114,"column":60}},"37":{"start":{"line":115,"column":4},"end":{"line":132,"column":5}},"38":{"start":{"line":116,"column":32},"end":{"line":116,"column":34}},"39":{"start":{"line":117,"column":6},"end":{"line":130,"column":7}},"40":{"start":{"line":118,"column":27},"end":{"line":128,"column":10}},"41":{"start":{"line":119,"column":45},"end":{"line":119,"column":54}},"42":{"start":{"line":120,"column":10},"end":{"line":127,"column":11}},"43":{"start":{"line":121,"column":27},"end":{"line":121,"column":65}},"44":{"start":{"line":122,"column":12},"end":{"line":122,"column":null}},"45":{"start":{"line":122,"column":51},"end":{"line":122,"column":60}},"46":{"start":{"line":123,"column":17},"end":{"line":127,"column":11}},"47":{"start":{"line":124,"column":12},"end":{"line":124,"column":null}},"48":{"start":{"line":126,"column":12},"end":{"line":126,"column":null}},"49":{"start":{"line":129,"column":8},"end":{"line":129,"column":null}},"50":{"start":{"line":131,"column":6},"end":{"line":131,"column":null}},"51":{"start":{"line":135,"column":20},"end":{"line":135,"column":40}},"52":{"start":{"line":136,"column":4},"end":{"line":139,"column":5}},"53":{"start":{"line":137,"column":25},"end":{"line":137,"column":70}},"54":{"start":{"line":137,"column":42},"end":{"line":137,"column":69}},"55":{"start":{"line":138,"column":6},"end":{"line":138,"column":null}},"56":{"start":{"line":142,"column":18},"end":{"line":142,"column":36}},"57":{"start":{"line":143,"column":4},"end":{"line":145,"column":5}},"58":{"start":{"line":144,"column":6},"end":{"line":144,"column":null}},"59":{"start":{"line":148,"column":19},"end":{"line":148,"column":38}},"60":{"start":{"line":149,"column":4},"end":{"line":151,"column":5}},"61":{"start":{"line":150,"column":6},"end":{"line":150,"column":null}},"62":{"start":{"line":154,"column":24},"end":{"line":154,"column":71}},"63":{"start":{"line":155,"column":4},"end":{"line":155,"column":null}},"64":{"start":{"line":170,"column":21},"end":{"line":170,"column":52}},"65":{"start":{"line":172,"column":4},"end":{"line":177,"column":null}},"66":{"start":{"line":179,"column":4},"end":{"line":186,"column":null}},"67":{"start":{"line":196,"column":16},"end":{"line":196,"column":61}},"68":{"start":{"line":198,"column":20},"end":{"line":202,"column":null}},"69":{"start":{"line":205,"column":4},"end":{"line":209,"column":null}},"70":{"start":{"line":211,"column":4},"end":{"line":270,"column":5}},"71":{"start":{"line":212,"column":23},"end":{"line":212,"column":64}},"72":{"start":{"line":214,"column":6},"end":{"line":229,"column":7}},"73":{"start":{"line":215,"column":26},"end":{"line":215,"column":47}},"74":{"start":{"line":216,"column":8},"end":{"line":221,"column":null}},"75":{"start":{"line":223,"column":8},"end":{"line":228,"column":null}},"76":{"start":{"line":232,"column":27},"end":{"line":232,"column":48}},"77":{"start":{"line":233,"column":6},"end":{"line":235,"column":7}},"78":{"start":{"line":234,"column":8},"end":{"line":234,"column":null}},"79":{"start":{"line":237,"column":25},"end":{"line":237,"column":49}},"80":{"start":{"line":240,"column":6},"end":{"line":244,"column":null}},"81":{"start":{"line":246,"column":6},"end":{"line":246,"column":null}},"82":{"start":{"line":250,"column":6},"end":{"line":257,"column":7}},"83":{"start":{"line":251,"column":8},"end":{"line":256,"column":null}},"84":{"start":{"line":260,"column":6},"end":{"line":262,"column":7}},"85":{"start":{"line":261,"column":8},"end":{"line":261,"column":null}},"86":{"start":{"line":264,"column":6},"end":{"line":269,"column":null}},"87":{"start":{"line":278,"column":4},"end":{"line":278,"column":null}},"88":{"start":{"line":25,"column":0},"end":{"line":25,"column":13}}},"fnMap":{"0":{"name":"(anonymous_0)","decl":{"start":{"line":33,"column":2},"end":{"line":33,"column":14}},"loc":{"start":{"line":33,"column":42},"end":{"line":51,"column":3}}},"1":{"name":"(anonymous_1)","decl":{"start":{"line":58,"column":10},"end":{"line":58,"column":27}},"loc":{"start":{"line":58,"column":49},"end":{"line":156,"column":3}}},"2":{"name":"(anonymous_2)","decl":{"start":{"line":80,"column":46},"end":{"line":80,"column":48}},"loc":{"start":{"line":80,"column":51},"end":{"line":83,"column":9}}},"3":{"name":"(anonymous_3)","decl":{"start":{"line":101,"column":39},"end":{"line":101,"column":40}},"loc":{"start":{"line":101,"column":44},"end":{"line":101,"column":53}}},"4":{"name":"(anonymous_4)","decl":{"start":{"line":118,"column":39},"end":{"line":118,"column":48}},"loc":{"start":{"line":118,"column":51},"end":{"line":128,"column":9}}},"5":{"name":"(anonymous_5)","decl":{"start":{"line":122,"column":46},"end":{"line":122,"column":47}},"loc":{"start":{"line":122,"column":51},"end":{"line":122,"column":60}}},"6":{"name":"(anonymous_6)","decl":{"start":{"line":137,"column":37},"end":{"line":137,"column":38}},"loc":{"start":{"line":137,"column":42},"end":{"line":137,"column":69}}},"7":{"name":"(anonymous_7)","decl":{"start":{"line":165,"column":2},"end":{"line":165,"column":7}},"loc":{"start":{"line":168,"column":14},"end":{"line":187,"column":3}}},"8":{"name":"(anonymous_8)","decl":{"start":{"line":195,"column":2},"end":{"line":195,"column":7}},"loc":{"start":{"line":195,"column":60},"end":{"line":271,"column":3}}},"9":{"name":"(anonymous_9)","decl":{"start":{"line":277,"column":2},"end":{"line":277,"column":7}},"loc":{"start":{"line":277,"column":17},"end":{"line":279,"column":3}}}},"branchMap":{"0":{"loc":{"start":{"line":37,"column":27},"end":{"line":37,"column":53}},"type":"binary-expr","locations":[{"start":{"line":37,"column":27},"end":{"line":37,"column":43}},{"start":{"line":37,"column":47},"end":{"line":37,"column":53}}]},"1":{"loc":{"start":{"line":40,"column":4},"end":{"line":45,"column":5}},"type":"if","locations":[{"start":{"line":40,"column":4},"end":{"line":45,"column":5}},{"start":{},"end":{}}]},"2":{"loc":{"start":{"line":40,"column":8},"end":{"line":40,"column":71}},"type":"binary-expr","locations":[{"start":{"line":40,"column":8},"end":{"line":40,"column":38}},{"start":{"line":40,"column":42},"end":{"line":40,"column":71}}]},"3":{"loc":{"start":{"line":48,"column":4},"end":{"line":50,"column":5}},"type":"if","locations":[{"start":{"line":48,"column":4},"end":{"line":50,"column":5}},{"start":{},"end":{}}]},"4":{"loc":{"start":{"line":60,"column":4},"end":{"line":62,"column":5}},"type":"if","locations":[{"start":{"line":60,"column":4},"end":{"line":62,"column":5}},{"start":{},"end":{}}]},"5":{"loc":{"start":{"line":70,"column":4},"end":{"line":90,"column":5}},"type":"if","locations":[{"start":{"line":70,"column":4},"end":{"line":90,"column":5}},{"start":{},"end":{}}]},"6":{"loc":{"start":{"line":70,"column":8},"end":{"line":70,"column":59}},"type":"binary-expr","locations":[{"start":{"line":70,"column":8},"end":{"line":70,"column":31}},{"start":{"line":70,"column":35},"end":{"line":70,"column":59}}]},"7":{"loc":{"start":{"line":74,"column":6},"end":{"line":76,"column":7}},"type":"if","locations":[{"start":{"line":74,"column":6},"end":{"line":76,"column":7}},{"start":{},"end":{}}]},"8":{"loc":{"start":{"line":79,"column":6},"end":{"line":85,"column":7}},"type":"if","locations":[{"start":{"line":79,"column":6},"end":{"line":85,"column":7}},{"start":{},"end":{}}]},"9":{"loc":{"start":{"line":87,"column":6},"end":{"line":89,"column":7}},"type":"if","locations":[{"start":{"line":87,"column":6},"end":{"line":89,"column":7}},{"start":{},"end":{}}]},"10":{"loc":{"start":{"line":98,"column":6},"end":{"line":108,"column":7}},"type":"if","locations":[{"start":{"line":98,"column":6},"end":{"line":108,"column":7}},{"start":{"line":102,"column":13},"end":{"line":108,"column":7}}]},"11":{"loc":{"start":{"line":100,"column":23},"end":{"line":100,"column":61}},"type":"cond-expr","locations":[{"start":{"line":100,"column":46},"end":{"line":100,"column":51}},{"start":{"line":100,"column":54},"end":{"line":100,"column":61}}]},"12":{"loc":{"start":{"line":102,"column":13},"end":{"line":108,"column":7}},"type":"if","locations":[{"start":{"line":102,"column":13},"end":{"line":108,"column":7}},{"start":{"line":105,"column":13},"end":{"line":108,"column":7}}]},"13":{"loc":{"start":{"line":104,"column":21},"end":{"line":104,"column":83}},"type":"cond-expr","locations":[{"start":{"line":104,"column":58},"end":{"line":104,"column":67}},{"start":{"line":104,"column":70},"end":{"line":104,"column":83}}]},"14":{"loc":{"start":{"line":104,"column":21},"end":{"line":104,"column":55}},"type":"binary-expr","locations":[{"start":{"line":104,"column":21},"end":{"line":104,"column":35}},{"start":{"line":104,"column":39},"end":{"line":104,"column":55}}]},"15":{"loc":{"start":{"line":115,"column":4},"end":{"line":132,"column":5}},"type":"if","locations":[{"start":{"line":115,"column":4},"end":{"line":132,"column":5}},{"start":{},"end":{}}]},"16":{"loc":{"start":{"line":120,"column":10},"end":{"line":127,"column":11}},"type":"if","locations":[{"start":{"line":120,"column":10},"end":{"line":127,"column":11}},{"start":{"line":123,"column":17},"end":{"line":127,"column":11}}]},"17":{"loc":{"start":{"line":121,"column":27},"end":{"line":121,"column":65}},"type":"cond-expr","locations":[{"start":{"line":121,"column":50},"end":{"line":121,"column":55}},{"start":{"line":121,"column":58},"end":{"line":121,"column":65}}]},"18":{"loc":{"start":{"line":123,"column":17},"end":{"line":127,"column":11}},"type":"if","locations":[{"start":{"line":123,"column":17},"end":{"line":127,"column":11}},{"start":{"line":125,"column":17},"end":{"line":127,"column":11}}]},"19":{"loc":{"start":{"line":124,"column":34},"end":{"line":124,"column":90}},"type":"cond-expr","locations":[{"start":{"line":124,"column":71},"end":{"line":124,"column":77}},{"start":{"line":124,"column":80},"end":{"line":124,"column":90}}]},"20":{"loc":{"start":{"line":124,"column":34},"end":{"line":124,"column":68}},"type":"binary-expr","locations":[{"start":{"line":124,"column":34},"end":{"line":124,"column":48}},{"start":{"line":124,"column":52},"end":{"line":124,"column":68}}]},"21":{"loc":{"start":{"line":136,"column":4},"end":{"line":139,"column":5}},"type":"if","locations":[{"start":{"line":136,"column":4},"end":{"line":139,"column":5}},{"start":{},"end":{}}]},"22":{"loc":{"start":{"line":143,"column":4},"end":{"line":145,"column":5}},"type":"if","locations":[{"start":{"line":143,"column":4},"end":{"line":145,"column":5}},{"start":{},"end":{}}]},"23":{"loc":{"start":{"line":149,"column":4},"end":{"line":151,"column":5}},"type":"if","locations":[{"start":{"line":149,"column":4},"end":{"line":151,"column":5}},{"start":{},"end":{}}]},"24":{"loc":{"start":{"line":154,"column":24},"end":{"line":154,"column":71}},"type":"cond-expr","locations":[{"start":{"line":154,"column":44},"end":{"line":154,"column":66}},{"start":{"line":154,"column":69},"end":{"line":154,"column":71}}]},"25":{"loc":{"start":{"line":167,"column":4},"end":{"line":167,"column":63}},"type":"default-arg","locations":[{"start":{"line":167,"column":58},"end":{"line":167,"column":63}}]},"26":{"loc":{"start":{"line":176,"column":16},"end":{"line":176,"column":54}},"type":"cond-expr","locations":[{"start":{"line":176,"column":23},"end":{"line":176,"column":50}},{"start":{"line":176,"column":53},"end":{"line":176,"column":54}}]},"27":{"loc":{"start":{"line":181,"column":12},"end":{"line":181,"column":51}},"type":"cond-expr","locations":[{"start":{"line":181,"column":19},"end":{"line":181,"column":39}},{"start":{"line":181,"column":42},"end":{"line":181,"column":51}}]},"28":{"loc":{"start":{"line":195,"column":35},"end":{"line":195,"column":60}},"type":"default-arg","locations":[{"start":{"line":195,"column":58},"end":{"line":195,"column":60}}]},"29":{"loc":{"start":{"line":207,"column":14},"end":{"line":207,"column":37}},"type":"binary-expr","locations":[{"start":{"line":207,"column":14},"end":{"line":207,"column":28}},{"start":{"line":207,"column":32},"end":{"line":207,"column":37}}]},"30":{"loc":{"start":{"line":214,"column":6},"end":{"line":229,"column":7}},"type":"if","locations":[{"start":{"line":214,"column":6},"end":{"line":229,"column":7}},{"start":{},"end":{}}]},"31":{"loc":{"start":{"line":233,"column":6},"end":{"line":235,"column":7}},"type":"if","locations":[{"start":{"line":233,"column":6},"end":{"line":235,"column":7}},{"start":{},"end":{}}]},"32":{"loc":{"start":{"line":242,"column":18},"end":{"line":242,"column":73}},"type":"cond-expr","locations":[{"start":{"line":242,"column":46},"end":{"line":242,"column":53}},{"start":{"line":242,"column":56},"end":{"line":242,"column":73}}]},"33":{"loc":{"start":{"line":243,"column":20},"end":{"line":243,"column":69}},"type":"cond-expr","locations":[{"start":{"line":243,"column":48},"end":{"line":243,"column":65}},{"start":{"line":243,"column":68},"end":{"line":243,"column":69}}]},"34":{"loc":{"start":{"line":250,"column":6},"end":{"line":257,"column":7}},"type":"if","locations":[{"start":{"line":250,"column":6},"end":{"line":257,"column":7}},{"start":{},"end":{}}]},"35":{"loc":{"start":{"line":260,"column":6},"end":{"line":262,"column":7}},"type":"if","locations":[{"start":{"line":260,"column":6},"end":{"line":262,"column":7}},{"start":{},"end":{}}]},"36":{"loc":{"start":{"line":266,"column":36},"end":{"line":266,"column":66}},"type":"binary-expr","locations":[{"start":{"line":266,"column":36},"end":{"line":266,"column":49}},{"start":{"line":266,"column":53},"end":{"line":266,"column":66}}]}},"s":{"0":1,"1":1,"2":2,"3":2,"4":2,"5":0,"6":2,"7":0,"8":0,"9":0,"10":0,"11":0,"12":0,"13":0,"14":0,"15":0,"16":0,"17":0,"18":0,"19":0,"20":0,"21":0,"22":0,"23":0,"24":0,"25":0,"26":0,"27":0,"28":0,"29":0,"30":0,"31":0,"32":0,"33":0,"34":0,"35":0,"36":0,"37":0,"38":0,"39":0,"40":0,"41":0,"42":0,"43":0,"44":0,"45":0,"46":0,"47":0,"48":0,"49":0,"50":0,"51":0,"52":0,"53":0,"54":0,"55":0,"56":0,"57":0,"58":0,"59":0,"60":0,"61":0,"62":0,"63":0,"64":0,"65":0,"66":0,"67":0,"68":0,"69":0,"70":0,"71":0,"72":0,"73":0,"74":0,"75":0,"76":0,"77":0,"78":0,"79":0,"80":0,"81":0,"82":0,"83":0,"84":0,"85":0,"86":0,"87":2,"88":1},"f":{"0":2,"1":0,"2":0,"3":0,"4":0,"5":0,"6":0,"7":0,"8":0,"9":2},"b":{"0":[2,0],"1":[0,2],"2":[2,2],"3":[0,2],"4":[0,0],"5":[0,0],"6":[0,0],"7":[0,0],"8":[0,0],"9":[0,0],"10":[0,0],"11":[0,0],"12":[0,0],"13":[0,0],"14":[0,0],"15":[0,0],"16":[0,0],"17":[0,0],"18":[0,0],"19":[0,0],"20":[0,0],"21":[0,0],"22":[0,0],"23":[0,0],"24":[0,0],"25":[0],"26":[0,0],"27":[0,0],"28":[0],"29":[0,0],"30":[0,0],"31":[0,0],"32":[0,0],"33":[0,0],"34":[0,0],"35":[0,0],"36":[0,0]}}
,"/Users/pubuduabayasiri/Documents/04 - Code/99.lib/hazo_connect/src/lib/adapters/sqlite-adapter.ts": {"path":"/Users/pubuduabayasiri/Documents/04 - Code/99.lib/hazo_connect/src/lib/adapters/sqlite-adapter.ts","statementMap":{"0":{"start":{"line":17,"column":0},"end":{"line":17,"column":44}},"1":{"start":{"line":19,"column":0},"end":{"line":19,"column":36}},"2":{"start":{"line":31,"column":4},"end":{"line":31,"column":null}},"3":{"start":{"line":47,"column":4},"end":{"line":50,"column":null}},"4":{"start":{"line":60,"column":4},"end":{"line":63,"column":null}},"5":{"start":{"line":71,"column":4},"end":{"line":71,"column":null}},"6":{"start":{"line":24,"column":0},"end":{"line":24,"column":13}}},"fnMap":{"0":{"name":"(anonymous_0)","decl":{"start":{"line":30,"column":2},"end":{"line":30,"column":14}},"loc":{"start":{"line":30,"column":42},"end":{"line":33,"column":3}}},"1":{"name":"(anonymous_1)","decl":{"start":{"line":42,"column":2},"end":{"line":42,"column":7}},"loc":{"start":{"line":45,"column":14},"end":{"line":51,"column":3}}},"2":{"name":"(anonymous_2)","decl":{"start":{"line":59,"column":2},"end":{"line":59,"column":7}},"loc":{"start":{"line":59,"column":60},"end":{"line":64,"column":3}}},"3":{"name":"(anonymous_3)","decl":{"start":{"line":70,"column":2},"end":{"line":70,"column":7}},"loc":{"start":{"line":70,"column":17},"end":{"line":72,"column":3}}}},"branchMap":{"0":{"loc":{"start":{"line":44,"column":4},"end":{"line":44,"column":63}},"type":"default-arg","locations":[{"start":{"line":44,"column":58},"end":{"line":44,"column":63}}]},"1":{"loc":{"start":{"line":59,"column":35},"end":{"line":59,"column":60}},"type":"default-arg","locations":[{"start":{"line":59,"column":58},"end":{"line":59,"column":60}}]},"2":{"loc":{"start":{"line":71,"column":27},"end":{"line":71,"column":60}},"type":"binary-expr","locations":[{"start":{"line":71,"column":27},"end":{"line":71,"column":45}},{"start":{"line":71,"column":49},"end":{"line":71,"column":60}}]}},"s":{"0":1,"1":1,"2":0,"3":0,"4":0,"5":0,"6":1},"f":{"0":0,"1":0,"2":0,"3":0},"b":{"0":[0],"1":[0],"2":[0,0]}}
,"/Users/pubuduabayasiri/Documents/04 - Code/99.lib/hazo_connect/src/lib/adapters/supabase-adapter.ts": {"path":"/Users/pubuduabayasiri/Documents/04 - Code/99.lib/hazo_connect/src/lib/adapters/supabase-adapter.ts","statementMap":{"0":{"start":{"line":18,"column":0},"end":{"line":18,"column":44}},"1":{"start":{"line":20,"column":0},"end":{"line":20,"column":36}},"2":{"start":{"line":32,"column":4},"end":{"line":32,"column":null}},"3":{"start":{"line":48,"column":4},"end":{"line":51,"column":null}},"4":{"start":{"line":61,"column":4},"end":{"line":64,"column":null}},"5":{"start":{"line":72,"column":4},"end":{"line":72,"column":null}},"6":{"start":{"line":25,"column":0},"end":{"line":25,"column":13}}},"fnMap":{"0":{"name":"(anonymous_0)","decl":{"start":{"line":31,"column":2},"end":{"line":31,"column":14}},"loc":{"start":{"line":31,"column":42},"end":{"line":34,"column":3}}},"1":{"name":"(anonymous_1)","decl":{"start":{"line":43,"column":2},"end":{"line":43,"column":7}},"loc":{"start":{"line":46,"column":14},"end":{"line":52,"column":3}}},"2":{"name":"(anonymous_2)","decl":{"start":{"line":60,"column":2},"end":{"line":60,"column":7}},"loc":{"start":{"line":60,"column":60},"end":{"line":65,"column":3}}},"3":{"name":"(anonymous_3)","decl":{"start":{"line":71,"column":2},"end":{"line":71,"column":7}},"loc":{"start":{"line":71,"column":17},"end":{"line":73,"column":3}}}},"branchMap":{"0":{"loc":{"start":{"line":45,"column":4},"end":{"line":45,"column":63}},"type":"default-arg","locations":[{"start":{"line":45,"column":58},"end":{"line":45,"column":63}}]},"1":{"loc":{"start":{"line":60,"column":35},"end":{"line":60,"column":60}},"type":"default-arg","locations":[{"start":{"line":60,"column":58},"end":{"line":60,"column":60}}]},"2":{"loc":{"start":{"line":72,"column":27},"end":{"line":72,"column":62}},"type":"binary-expr","locations":[{"start":{"line":72,"column":27},"end":{"line":72,"column":47}},{"start":{"line":72,"column":51},"end":{"line":72,"column":62}}]}},"s":{"0":1,"1":1,"2":0,"3":0,"4":0,"5":0,"6":1},"f":{"0":0,"1":0,"2":0,"3":0},"b":{"0":[0],"1":[0],"2":[0,0]}}
}
