TN:
SF:src/lib/factory.ts
FN:27,extractConfigFromProvider
FN:55,createHazoConnect
FNF:2
FNH:2
FNDA:1,extractConfigFromProvider
FNDA:2,createHazoConnect
DA:9,1
DA:10,1
DA:13,1
DA:14,1
DA:15,1
DA:16,1
DA:19,1
DA:28,1
DA:30,1
DA:31,1
DA:32,1
DA:33,0
DA:35,1
DA:39,0
DA:40,0
DA:41,0
DA:42,0
DA:43,0
DA:44,0
DA:47,1
DA:55,1
DA:56,2
DA:60,2
DA:61,1
DA:63,1
DA:64,1
DA:65,1
DA:66,1
DA:67,0
DA:69,1
DA:76,2
DA:78,2
DA:81,0
DA:84,0
DA:87,0
DA:90,0
LF:36
LH:24
BRDA:30,0,0,1
BRDA:30,0,1,0
BRDA:31,1,0,1
BRDA:31,1,1,1
BRDA:31,1,2,0
BRDA:32,2,0,0
BRDA:32,2,1,1
BRDA:36,3,0,1
BRDA:36,3,1,0
BRDA:39,4,0,0
BRDA:39,4,1,0
BRDA:40,5,0,0
BRDA:40,5,1,0
BRDA:41,6,0,0
BRDA:41,6,1,0
BRDA:42,7,0,0
BRDA:42,7,1,0
BRDA:43,8,0,0
BRDA:43,8,1,0
BRDA:44,9,0,0
BRDA:44,9,1,0
BRDA:60,10,0,1
BRDA:60,10,1,1
BRDA:64,11,0,1
BRDA:64,11,1,0
BRDA:65,12,0,1
BRDA:65,12,1,1
BRDA:65,12,2,0
BRDA:66,13,0,0
BRDA:66,13,1,1
BRDA:70,14,0,1
BRDA:70,14,1,0
BRDA:76,15,0,2
BRDA:76,15,1,0
BRDA:76,15,2,0
BRDA:76,15,3,0
BRDA:76,15,4,0
BRF:37
BRH:13
end_of_record
TN:
SF:src/lib/helpers.ts
FN:33,createTableQuery
FN:49,attachExecute
FN:55,(anonymous_2)
FN:95,createCrudService
FN:103,buildQuery
FN:107,list
FN:116,findBy
FN:121,(anonymous_7)
FN:124,findOneBy
FN:129,findById
FN:140,insert
FN:150,updateById
FN:166,deleteById
FN:199,executeQuery
FNF:14
FNH:0
FNDA:0,createTableQuery
FNDA:0,attachExecute
FNDA:0,(anonymous_2)
FNDA:0,createCrudService
FNDA:0,buildQuery
FNDA:0,list
FNDA:0,findBy
FNDA:0,(anonymous_7)
FNDA:0,findOneBy
FNDA:0,findById
FNDA:0,insert
FNDA:0,updateById
FNDA:0,deleteById
FNDA:0,executeQuery
DA:11,0
DA:33,0
DA:38,0
DA:39,0
DA:49,0
DA:54,0
DA:55,0
DA:56,0
DA:61,0
DA:63,0
DA:95,0
DA:100,0
DA:101,0
DA:104,0
DA:108,0
DA:109,0
DA:110,0
DA:112,0
DA:113,0
DA:117,0
DA:118,0
DA:119,0
DA:121,0
DA:125,0
DA:126,0
DA:130,0
DA:131,0
DA:136,0
DA:137,0
DA:141,0
DA:142,0
DA:143,0
DA:144,0
DA:145,0
DA:147,0
DA:151,0
DA:152,0
DA:153,0
DA:158,0
DA:159,0
DA:160,0
DA:161,0
DA:163,0
DA:167,0
DA:168,0
DA:169,0
DA:174,0
DA:175,0
DA:178,0
DA:199,0
DA:206,0
DA:210,0
LF:52
LH:0
BRDA:55,0,0,0
BRDA:98,1,0,0
BRDA:100,2,0,0
BRDA:100,2,1,0
BRDA:100,3,0,0
BRDA:100,3,1,0
BRDA:109,4,0,0
BRDA:109,4,1,0
BRDA:113,5,0,0
BRDA:113,5,1,0
BRDA:119,6,0,0
BRDA:119,6,1,0
BRDA:126,7,0,0
BRDA:126,7,1,0
BRDA:130,8,0,0
BRDA:130,8,1,0
BRDA:142,9,0,0
BRDA:142,9,1,0
BRDA:144,10,0,0
BRDA:144,10,1,0
BRDA:152,11,0,0
BRDA:152,11,1,0
BRDA:160,12,0,0
BRDA:160,12,1,0
BRDA:168,13,0,0
BRDA:168,13,1,0
BRDA:202,14,0,0
BRF:27
BRH:0
end_of_record
TN:
SF:src/lib/index.ts
FN:22,(anonymous_0)
FN:22,(anonymous_1)
FN:25,(anonymous_2)
FN:28,(anonymous_3)
FN:32,(anonymous_4)
FN:33,(anonymous_5)
FN:34,(anonymous_6)
FN:35,(anonymous_7)
FN:45,(anonymous_8)
FN:46,(anonymous_9)
FNF:10
FNH:0
FNDA:0,(anonymous_0)
FNDA:0,(anonymous_1)
FNDA:0,(anonymous_2)
FNDA:0,(anonymous_3)
FNDA:0,(anonymous_4)
FNDA:0,(anonymous_5)
FNDA:0,(anonymous_6)
FNDA:0,(anonymous_7)
FNDA:0,(anonymous_8)
FNDA:0,(anonymous_9)
DA:22,0
DA:25,0
DA:28,0
DA:31,0
DA:32,0
DA:33,0
DA:34,0
DA:35,0
DA:45,0
DA:46,0
LF:10
LH:0
BRF:0
BRH:0
end_of_record
TN:
SF:src/lib/query-builder.ts
FN:21,(anonymous_0)
FN:37,(anonymous_1)
FN:47,(anonymous_2)
FN:51,(anonymous_3)
FN:70,(anonymous_4)
FN:81,(anonymous_5)
FN:91,(anonymous_6)
FN:92,(anonymous_7)
FN:107,(anonymous_8)
FN:117,(anonymous_9)
FN:127,(anonymous_10)
FN:139,(anonymous_11)
FN:150,(anonymous_12)
FN:158,(anonymous_13)
FN:165,(anonymous_14)
FN:172,(anonymous_15)
FN:179,(anonymous_16)
FN:186,(anonymous_17)
FN:193,(anonymous_18)
FN:200,(anonymous_19)
FN:207,(anonymous_20)
FN:214,(anonymous_21)
FN:222,(anonymous_22)
FN:227,(anonymous_23)
FNF:24
FNH:11
FNDA:2,(anonymous_0)
FNDA:2,(anonymous_1)
FNDA:1,(anonymous_2)
FNDA:0,(anonymous_3)
FNDA:0,(anonymous_4)
FNDA:0,(anonymous_5)
FNDA:0,(anonymous_6)
FNDA:0,(anonymous_7)
FNDA:0,(anonymous_8)
FNDA:1,(anonymous_9)
FNDA:1,(anonymous_10)
FNDA:1,(anonymous_11)
FNDA:0,(anonymous_12)
FNDA:1,(anonymous_13)
FNDA:1,(anonymous_14)
FNDA:0,(anonymous_15)
FNDA:0,(anonymous_16)
FNDA:0,(anonymous_17)
FNDA:1,(anonymous_18)
FNDA:1,(anonymous_19)
FNDA:1,(anonymous_20)
FNDA:0,(anonymous_21)
FNDA:0,(anonymous_22)
FNDA:0,(anonymous_23)
DA:21,1
DA:22,2
DA:23,2
DA:24,2
DA:25,2
DA:26,2
DA:27,2
DA:28,2
DA:29,2
DA:30,2
DA:38,2
DA:39,2
DA:48,1
DA:50,0
DA:51,0
DA:52,0
DA:53,0
DA:55,0
DA:58,1
DA:60,1
DA:71,0
DA:72,0
DA:82,0
DA:83,0
DA:92,0
DA:97,0
DA:98,0
DA:108,0
DA:109,0
DA:118,1
DA:119,1
DA:128,1
DA:129,1
DA:140,1
DA:141,1
DA:151,0
DA:152,0
DA:159,1
DA:166,1
DA:173,0
DA:180,0
DA:187,0
DA:194,1
DA:201,1
DA:208,1
DA:215,0
DA:223,0
DA:224,0
DA:225,0
DA:226,0
DA:227,0
DA:228,0
DA:229,0
DA:230,0
DA:231,0
DA:232,0
DA:233,0
LF:57
LH:26
BRDA:48,0,0,0
BRDA:48,0,1,1
BRDA:50,1,0,0
BRDA:50,1,1,0
BRDA:52,2,0,0
BRDA:52,2,1,0
BRDA:107,3,0,0
BRDA:139,4,0,0
BRF:8
BRH:1
end_of_record
TN:
SF:src/lib/types.ts
FN:29,(anonymous_0)
FN:30,(anonymous_1)
FN:31,(anonymous_2)
FN:32,(anonymous_3)
FN:145,(anonymous_4)
FNF:5
FNH:1
FNDA:0,(anonymous_0)
FNDA:0,(anonymous_1)
FNDA:0,(anonymous_2)
FNDA:0,(anonymous_3)
FNDA:1,(anonymous_4)
DA:28,1
DA:145,1
DA:146,1
DA:147,1
DA:148,1
DA:149,1
DA:150,1
LF:7
LH:7
BRDA:145,0,0,1
BRDA:145,0,1,1
BRF:2
BRH:2
end_of_record
TN:
SF:src/lib/adapters/base-adapter.ts
FN:25,(anonymous_0)
FN:38,(anonymous_1)
FN:72,(anonymous_2)
FN:95,(anonymous_3)
FN:112,(anonymous_4)
FN:129,(anonymous_5)
FN:145,(anonymous_6)
FNF:7
FNH:1
FNDA:2,(anonymous_0)
FNDA:0,(anonymous_1)
FNDA:0,(anonymous_2)
FNDA:0,(anonymous_3)
FNDA:0,(anonymous_4)
FNDA:0,(anonymous_5)
FNDA:0,(anonymous_6)
DA:10,1
DA:16,1
DA:26,2
DA:27,2
DA:45,0
DA:47,0
DA:55,0
DA:62,0
DA:78,0
DA:79,0
DA:81,0
DA:82,0
DA:84,0
DA:87,0
DA:96,0
DA:98,0
DA:99,0
DA:113,0
DA:114,0
DA:121,0
DA:130,0
DA:131,0
DA:132,0
DA:146,0
LF:24
LH:4
BRDA:27,0,0,2
BRDA:27,0,1,2
BRDA:59,1,0,0
BRDA:59,1,1,0
BRDA:84,2,0,0
BRDA:84,2,1,0
BRDA:86,3,0,0
BRDA:86,3,1,0
BRDA:96,4,0,0
BRDA:96,4,1,0
BRDA:98,5,0,0
BRDA:98,5,1,0
BRDA:100,6,0,0
BRDA:100,6,1,0
BRDA:100,6,2,0
BRDA:100,6,3,0
BRDA:100,6,4,0
BRDA:113,7,0,0
BRDA:113,7,1,0
BRDA:131,8,0,0
BRDA:131,8,1,0
BRDA:131,9,0,0
BRDA:131,9,1,0
BRF:23
BRH:2
end_of_record
TN:
SF:src/lib/adapters/file-adapter.ts
FN:31,(anonymous_0)
FN:43,(anonymous_1)
FN:60,(anonymous_2)
FN:71,(anonymous_3)
FNF:4
FNH:0
FNDA:0,(anonymous_0)
FNDA:0,(anonymous_1)
FNDA:0,(anonymous_2)
FNDA:0,(anonymous_3)
DA:18,1
DA:20,1
DA:25,1
DA:32,0
DA:48,0
DA:61,0
DA:72,0
LF:7
LH:3
BRDA:45,0,0,0
BRDA:60,1,0,0
BRDA:72,2,0,0
BRDA:72,2,1,0
BRF:4
BRH:0
end_of_record
TN:
SF:src/lib/adapters/postgrest-adapter.ts
FN:33,(anonymous_0)
FN:58,(anonymous_1)
FN:80,(anonymous_2)
FN:101,(anonymous_3)
FN:118,(anonymous_4)
FN:122,(anonymous_5)
FN:137,(anonymous_6)
FN:165,(anonymous_7)
FN:195,(anonymous_8)
FN:277,(anonymous_9)
FNF:10
FNH:2
FNDA:2,(anonymous_0)
FNDA:0,(anonymous_1)
FNDA:0,(anonymous_2)
FNDA:0,(anonymous_3)
FNDA:0,(anonymous_4)
FNDA:0,(anonymous_5)
FNDA:0,(anonymous_6)
FNDA:0,(anonymous_7)
FNDA:0,(anonymous_8)
FNDA:2,(anonymous_9)
DA:10,1
DA:12,1
DA:25,1
DA:34,2
DA:37,2
DA:40,2
DA:41,0
DA:48,2
DA:49,0
DA:59,0
DA:60,0
DA:61,0
DA:64,0
DA:67,0
DA:68,0
DA:70,0
DA:71,0
DA:74,0
DA:75,0
DA:79,0
DA:80,0
DA:81,0
DA:82,0
DA:84,0
DA:87,0
DA:88,0
DA:93,0
DA:94,0
DA:95,0
DA:98,0
DA:100,0
DA:101,0
DA:102,0
DA:104,0
DA:107,0
DA:110,0
DA:114,0
DA:115,0
DA:116,0
DA:117,0
DA:118,0
DA:119,0
DA:120,0
DA:121,0
DA:122,0
DA:123,0
DA:124,0
DA:126,0
DA:129,0
DA:131,0
DA:135,0
DA:136,0
DA:137,0
DA:138,0
DA:142,0
DA:143,0
DA:144,0
DA:148,0
DA:149,0
DA:150,0
DA:154,0
DA:155,0
DA:170,0
DA:172,0
DA:179,0
DA:196,0
DA:198,0
DA:205,0
DA:211,0
DA:212,0
DA:214,0
DA:215,0
DA:216,0
DA:223,0
DA:232,0
DA:233,0
DA:234,0
DA:237,0
DA:240,0
DA:246,0
DA:250,0
DA:251,0
DA:260,0
DA:261,0
DA:264,0
DA:278,2
LF:86
LH:8
BRDA:37,0,0,2
BRDA:37,0,1,0
BRDA:40,1,0,0
BRDA:40,1,1,2
BRDA:40,2,0,2
BRDA:40,2,1,2
BRDA:48,3,0,0
BRDA:48,3,1,2
BRDA:60,4,0,0
BRDA:60,4,1,0
BRDA:70,5,0,0
BRDA:70,5,1,0
BRDA:70,6,0,0
BRDA:70,6,1,0
BRDA:74,7,0,0
BRDA:74,7,1,0
BRDA:79,8,0,0
BRDA:79,8,1,0
BRDA:87,9,0,0
BRDA:87,9,1,0
BRDA:98,10,0,0
BRDA:98,10,1,0
BRDA:100,11,0,0
BRDA:100,11,1,0
BRDA:102,12,0,0
BRDA:102,12,1,0
BRDA:104,13,0,0
BRDA:104,13,1,0
BRDA:104,14,0,0
BRDA:104,14,1,0
BRDA:115,15,0,0
BRDA:115,15,1,0
BRDA:120,16,0,0
BRDA:120,16,1,0
BRDA:121,17,0,0
BRDA:121,17,1,0
BRDA:123,18,0,0
BRDA:123,18,1,0
BRDA:124,19,0,0
BRDA:124,19,1,0
BRDA:124,20,0,0
BRDA:124,20,1,0
BRDA:136,21,0,0
BRDA:136,21,1,0
BRDA:143,22,0,0
BRDA:143,22,1,0
BRDA:149,23,0,0
BRDA:149,23,1,0
BRDA:154,24,0,0
BRDA:154,24,1,0
BRDA:167,25,0,0
BRDA:176,26,0,0
BRDA:176,26,1,0
BRDA:181,27,0,0
BRDA:181,27,1,0
BRDA:195,28,0,0
BRDA:207,29,0,0
BRDA:207,29,1,0
BRDA:214,30,0,0
BRDA:214,30,1,0
BRDA:233,31,0,0
BRDA:233,31,1,0
BRDA:242,32,0,0
BRDA:242,32,1,0
BRDA:243,33,0,0
BRDA:243,33,1,0
BRDA:250,34,0,0
BRDA:250,34,1,0
BRDA:260,35,0,0
BRDA:260,35,1,0
BRDA:266,36,0,0
BRDA:266,36,1,0
BRF:72
BRH:5
end_of_record
TN:
SF:src/lib/adapters/sqlite-adapter.ts
FN:30,(anonymous_0)
FN:42,(anonymous_1)
FN:59,(anonymous_2)
FN:70,(anonymous_3)
FNF:4
FNH:0
FNDA:0,(anonymous_0)
FNDA:0,(anonymous_1)
FNDA:0,(anonymous_2)
FNDA:0,(anonymous_3)
DA:17,1
DA:19,1
DA:24,1
DA:31,0
DA:47,0
DA:60,0
DA:71,0
LF:7
LH:3
BRDA:44,0,0,0
BRDA:59,1,0,0
BRDA:71,2,0,0
BRDA:71,2,1,0
BRF:4
BRH:0
end_of_record
TN:
SF:src/lib/adapters/supabase-adapter.ts
FN:31,(anonymous_0)
FN:43,(anonymous_1)
FN:60,(anonymous_2)
FN:71,(anonymous_3)
FNF:4
FNH:0
FNDA:0,(anonymous_0)
FNDA:0,(anonymous_1)
FNDA:0,(anonymous_2)
FNDA:0,(anonymous_3)
DA:18,1
DA:20,1
DA:25,1
DA:32,0
DA:48,0
DA:61,0
DA:72,0
LF:7
LH:3
BRDA:45,0,0,0
BRDA:60,1,0,0
BRDA:72,2,0,0
BRDA:72,2,1,0
BRF:4
BRH:0
end_of_record
